{"timestamp":"2026-05-19T18:03:40.768562Z","level":"info","event":"DAG bundles loaded: dags-folder, example_dags","logger":"airflow.dag_processing.bundles.manager.DagBundlesManager","filename":"manager.py","lineno":209}
{"timestamp":"2026-05-19T18:03:40.769619Z","level":"info","event":"Filling up the DagBag from /opt/airflow/dags/ml_pipeline.py","logger":"airflow.dag_processing.dagbag.BundleDagBag","filename":"dagbag.py","lineno":469}
{"timestamp":"2026-05-19T18:03:40.790439Z","level":"warning","event":"The `airflow.decorators.dag` attribute is deprecated. Please use `'airflow.sdk.dag'`.","category":"UserWarning","filename":"/opt/airflow/dags/ml_pipeline.py","lineno":17,"logger":"py.warnings"}
{"timestamp":"2026-05-19T18:03:40.790611Z","level":"warning","event":"The `airflow.decorators.task` attribute is deprecated. Please use `'airflow.sdk.task'`.","category":"UserWarning","filename":"/opt/airflow/dags/ml_pipeline.py","lineno":17,"logger":"py.warnings"}
{"timestamp":"2026-05-19T18:03:40.828876Z","level":"info","event":"Task instance is in running state","logger":"task.stdout"}
{"timestamp":"2026-05-19T18:03:40.829118Z","level":"info","event":" Previous state of the Task instance: TaskInstanceState.QUEUED","logger":"task.stdout"}
{"timestamp":"2026-05-19T18:03:40.829529Z","level":"info","event":"Current task name:evaluate","logger":"task.stdout"}
{"timestamp":"2026-05-19T18:03:40.829661Z","level":"info","event":"Dag name:ml_pipeline","logger":"task.stdout"}
{"timestamp":"2026-05-19T18:03:40.830923Z","level":"info","event":"Evaluating model at: models/model_v1.pkl","logger":"task.stdout"}
{"timestamp":"2026-05-19T18:03:40.831081Z","level":"info","event":"Metrics: {'accuracy': 0.93, 'f1': 0.91}","logger":"task.stdout"}
{"timestamp":"2026-05-19T18:03:40.830953Z","level":"info","event":"Done. Returned value was: None","logger":"airflow.task.operators.airflow.providers.standard.decorators.python._PythonDecoratedOperator","filename":"python.py","lineno":229}
{"timestamp":"2026-05-19T18:03:40.848777Z","level":"info","event":"Task instance in success state","logger":"task.stdout"}
{"timestamp":"2026-05-19T18:03:40.849322Z","level":"info","event":" Previous state of the Task instance: TaskInstanceState.RUNNING","logger":"task.stdout"}
{"timestamp":"2026-05-19T18:03:40.849531Z","level":"info","event":"Task operator:<Task(_PythonDecoratedOperator): evaluate>","logger":"task.stdout"}
[2026-05-20T01:17:52.592+0000] {local_task_job_runner.py:120} INFO - ::group::Pre task execution logs
[2026-05-20T01:17:52.619+0000] {taskinstance.py:2076} INFO - Dependencies all met for dep_context=non-requeueable deps ti=<TaskInstance: ml_pipeline.evaluate scheduled__2026-05-19T00:00:00+00:00 [queued]>
[2026-05-20T01:17:52.628+0000] {taskinstance.py:2076} INFO - Dependencies all met for dep_context=requeueable deps ti=<TaskInstance: ml_pipeline.evaluate scheduled__2026-05-19T00:00:00+00:00 [queued]>
[2026-05-20T01:17:52.628+0000] {taskinstance.py:2306} INFO - Starting attempt 1 of 1
[2026-05-20T01:17:52.641+0000] {taskinstance.py:2330} INFO - Executing <Task(_PythonDecoratedOperator): evaluate> on 2026-05-19 00:00:00+00:00
[2026-05-20T01:17:52.647+0000] {warnings.py:112} WARNING - /home/***/.local/lib/python3.12/site-packages/***/task/task_runner/standard_task_runner.py:62: DeprecationWarning: This process (pid=5150) is multi-threaded, use of fork() may lead to deadlocks in the child.
  pid = os.fork()

[2026-05-20T01:17:52.648+0000] {standard_task_runner.py:64} INFO - Started process 5152 to run task
[2026-05-20T01:17:52.648+0000] {standard_task_runner.py:90} INFO - Running: ['***', 'tasks', 'run', 'ml_pipeline', 'evaluate', 'scheduled__2026-05-19T00:00:00+00:00', '--job-id', '9', '--raw', '--subdir', 'DAGS_FOLDER/ml_pipeline.py', '--cfg-path', '/tmp/tmpsaks8aru']
[2026-05-20T01:17:52.650+0000] {standard_task_runner.py:91} INFO - Job 9: Subtask evaluate
[2026-05-20T01:17:52.693+0000] {task_command.py:426} INFO - Running <TaskInstance: ml_pipeline.evaluate scheduled__2026-05-19T00:00:00+00:00 [running]> on host eda68b95e76e
[2026-05-20T01:17:52.777+0000] {taskinstance.py:2648} INFO - Exporting env vars: AIRFLOW_CTX_DAG_OWNER='***' AIRFLOW_CTX_DAG_ID='ml_pipeline' AIRFLOW_CTX_TASK_ID='evaluate' AIRFLOW_CTX_EXECUTION_DATE='2026-05-19T00:00:00+00:00' AIRFLOW_CTX_TRY_NUMBER='1' AIRFLOW_CTX_DAG_RUN_ID='scheduled__2026-05-19T00:00:00+00:00'
[2026-05-20T01:17:52.778+0000] {taskinstance.py:430} INFO - ::endgroup::
[2026-05-20T01:17:52.779+0000] {logging_mixin.py:188} INFO - Evaluating model at: models/model_v1.pkl
[2026-05-20T01:17:52.779+0000] {logging_mixin.py:188} INFO - Metrics: {'accuracy': 0.93, 'f1': 0.91}
[2026-05-20T01:17:52.780+0000] {python.py:237} INFO - Done. Returned value was: None
[2026-05-20T01:17:52.780+0000] {taskinstance.py:441} INFO - ::group::Post task execution logs
[2026-05-20T01:17:52.788+0000] {taskinstance.py:1206} INFO - Marking task as SUCCESS. dag_id=ml_pipeline, task_id=evaluate, run_id=scheduled__2026-05-19T00:00:00+00:00, execution_date=20260519T000000, start_date=20260520T011752, end_date=20260520T011752
[2026-05-20T01:17:52.829+0000] {local_task_job_runner.py:243} INFO - Task exited with return code 0
[2026-05-20T01:17:52.846+0000] {taskinstance.py:3503} INFO - 0 downstream tasks scheduled from follow-on schedule check
[2026-05-20T01:17:52.849+0000] {local_task_job_runner.py:222} INFO - ::endgroup::
