[2026-05-20T01:17:52.594+0000] {local_task_job_runner.py:120} INFO - ::group::Pre task execution logs
[2026-05-20T01:17:52.620+0000] {taskinstance.py:2076} INFO - Dependencies all met for dep_context=non-requeueable deps ti=<TaskInstance: ml_pipeline.evaluate manual__2026-05-20T01:17:47.566962+00:00 [queued]>
[2026-05-20T01:17:52.630+0000] {taskinstance.py:2076} INFO - Dependencies all met for dep_context=requeueable deps ti=<TaskInstance: ml_pipeline.evaluate manual__2026-05-20T01:17:47.566962+00:00 [queued]>
[2026-05-20T01:17:52.631+0000] {taskinstance.py:2306} INFO - Starting attempt 1 of 1
[2026-05-20T01:17:52.643+0000] {taskinstance.py:2330} INFO - Executing <Task(_PythonDecoratedOperator): evaluate> on 2026-05-20 01:17:47.566962+00:00
[2026-05-20T01:17:52.648+0000] {warnings.py:112} WARNING - /home/***/.local/lib/python3.12/site-packages/***/task/task_runner/standard_task_runner.py:62: DeprecationWarning: This process (pid=5151) is multi-threaded, use of fork() may lead to deadlocks in the child.
  pid = os.fork()

[2026-05-20T01:17:52.650+0000] {standard_task_runner.py:64} INFO - Started process 5153 to run task
[2026-05-20T01:17:52.650+0000] {standard_task_runner.py:90} INFO - Running: ['***', 'tasks', 'run', 'ml_pipeline', 'evaluate', 'manual__2026-05-20T01:17:47.566962+00:00', '--job-id', '10', '--raw', '--subdir', 'DAGS_FOLDER/ml_pipeline.py', '--cfg-path', '/tmp/tmpjt011nuf']
[2026-05-20T01:17:52.651+0000] {standard_task_runner.py:91} INFO - Job 10: Subtask evaluate
[2026-05-20T01:17:52.690+0000] {task_command.py:426} INFO - Running <TaskInstance: ml_pipeline.evaluate manual__2026-05-20T01:17:47.566962+00:00 [running]> on host eda68b95e76e
[2026-05-20T01:17:52.776+0000] {taskinstance.py:2648} INFO - Exporting env vars: AIRFLOW_CTX_DAG_OWNER='***' AIRFLOW_CTX_DAG_ID='ml_pipeline' AIRFLOW_CTX_TASK_ID='evaluate' AIRFLOW_CTX_EXECUTION_DATE='2026-05-20T01:17:47.566962+00:00' AIRFLOW_CTX_TRY_NUMBER='1' AIRFLOW_CTX_DAG_RUN_ID='manual__2026-05-20T01:17:47.566962+00:00'
[2026-05-20T01:17:52.777+0000] {taskinstance.py:430} INFO - ::endgroup::
[2026-05-20T01:17:52.778+0000] {logging_mixin.py:188} INFO - Evaluating model at: models/model_v1.pkl
[2026-05-20T01:17:52.778+0000] {logging_mixin.py:188} INFO - Metrics: {'accuracy': 0.93, 'f1': 0.91}
[2026-05-20T01:17:52.778+0000] {python.py:237} INFO - Done. Returned value was: None
[2026-05-20T01:17:52.779+0000] {taskinstance.py:441} INFO - ::group::Post task execution logs
[2026-05-20T01:17:52.787+0000] {taskinstance.py:1206} INFO - Marking task as SUCCESS. dag_id=ml_pipeline, task_id=evaluate, run_id=manual__2026-05-20T01:17:47.566962+00:00, execution_date=20260520T011747, start_date=20260520T011752, end_date=20260520T011752
[2026-05-20T01:17:52.831+0000] {local_task_job_runner.py:243} INFO - Task exited with return code 0
[2026-05-20T01:17:52.848+0000] {taskinstance.py:3503} INFO - 0 downstream tasks scheduled from follow-on schedule check
[2026-05-20T01:17:52.850+0000] {local_task_job_runner.py:222} INFO - ::endgroup::
