{"timestamp":"2026-05-19T18:03:38.178052Z","level":"info","event":"DAG bundles loaded: dags-folder, example_dags","logger":"airflow.dag_processing.bundles.manager.DagBundlesManager","filename":"manager.py","lineno":209}
{"timestamp":"2026-05-19T18:03:38.178962Z","level":"info","event":"Filling up the DagBag from /opt/airflow/dags/ml_pipeline.py","logger":"airflow.dag_processing.dagbag.BundleDagBag","filename":"dagbag.py","lineno":469}
{"timestamp":"2026-05-19T18:03:38.187874Z","level":"warning","event":"The `airflow.decorators.dag` attribute is deprecated. Please use `'airflow.sdk.dag'`.","category":"UserWarning","filename":"/opt/airflow/dags/ml_pipeline.py","lineno":17,"logger":"py.warnings"}
{"timestamp":"2026-05-19T18:03:38.187995Z","level":"warning","event":"The `airflow.decorators.task` attribute is deprecated. Please use `'airflow.sdk.task'`.","category":"UserWarning","filename":"/opt/airflow/dags/ml_pipeline.py","lineno":17,"logger":"py.warnings"}
{"timestamp":"2026-05-19T18:03:38.226980Z","level":"info","event":"Task instance is in running state","logger":"task.stdout"}
{"timestamp":"2026-05-19T18:03:38.227310Z","level":"info","event":" Previous state of the Task instance: TaskInstanceState.QUEUED","logger":"task.stdout"}
{"timestamp":"2026-05-19T18:03:38.228256Z","level":"info","event":"Current task name:preprocess","logger":"task.stdout"}
{"timestamp":"2026-05-19T18:03:38.228441Z","level":"info","event":"Dag name:ml_pipeline","logger":"task.stdout"}
{"timestamp":"2026-05-19T18:03:38.229139Z","level":"info","event":"Processing 1000 rows with 20 features","logger":"task.stdout"}
{"timestamp":"2026-05-19T18:03:38.229196Z","level":"info","event":"Done. Returned value was: {'rows': 1000, 'source': 's3://bucket/raw/', 'features': 20, 'processed': True, 'split': 0.8}","logger":"airflow.task.operators.airflow.providers.standard.decorators.python._PythonDecoratedOperator","filename":"python.py","lineno":229}
{"timestamp":"2026-05-19T18:03:38.229471Z","level":"info","event":"Pushing xcom","ti":"RuntimeTaskInstance(id=UUID('019e4168-4488-74db-8846-0019eeb7c87a'), task_id='preprocess', dag_id='ml_pipeline', run_id='scheduled__2026-05-19T00:00:00+00:00', try_number=1, dag_version_id=UUID('019e4159-0b14-7a62-b970-2d40f4ead45e'), map_index=-1, hostname='7b4eb9f454d7', context_carrier={'traceparent': '00-b086e9b8baa66f7683668b1a04a88990-35382e30a0907125-01'}, task=<Task(_PythonDecoratedOperator): preprocess>, bundle_instance=LocalDagBundle(name=dags-folder), max_tries=0, start_date=datetime.datetime(2026, 5, 19, 18, 3, 37, 880622, tzinfo=datetime.timezone.utc), end_date=None, state=<TaskInstanceState.RUNNING: 'running'>, is_mapped=False, rendered_map_index=None, sentry_integration='')","logger":"task","filename":"task_runner.py","lineno":1724}
{"timestamp":"2026-05-19T18:03:38.317610Z","level":"info","event":"Task instance in success state","logger":"task.stdout"}
{"timestamp":"2026-05-19T18:03:38.317863Z","level":"info","event":" Previous state of the Task instance: TaskInstanceState.RUNNING","logger":"task.stdout"}
{"timestamp":"2026-05-19T18:03:38.318174Z","level":"info","event":"Task operator:<Task(_PythonDecoratedOperator): preprocess>","logger":"task.stdout"}
[2026-05-20T01:17:50.156+0000] {local_task_job_runner.py:120} INFO - ::group::Pre task execution logs
[2026-05-20T01:17:50.180+0000] {taskinstance.py:2076} INFO - Dependencies all met for dep_context=non-requeueable deps ti=<TaskInstance: ml_pipeline.preprocess scheduled__2026-05-19T00:00:00+00:00 [queued]>
[2026-05-20T01:17:50.189+0000] {taskinstance.py:2076} INFO - Dependencies all met for dep_context=requeueable deps ti=<TaskInstance: ml_pipeline.preprocess scheduled__2026-05-19T00:00:00+00:00 [queued]>
[2026-05-20T01:17:50.190+0000] {taskinstance.py:2306} INFO - Starting attempt 1 of 1
[2026-05-20T01:17:50.202+0000] {taskinstance.py:2330} INFO - Executing <Task(_PythonDecoratedOperator): preprocess> on 2026-05-19 00:00:00+00:00
[2026-05-20T01:17:50.207+0000] {warnings.py:112} WARNING - /home/***/.local/lib/python3.12/site-packages/***/task/task_runner/standard_task_runner.py:62: DeprecationWarning: This process (pid=5143) is multi-threaded, use of fork() may lead to deadlocks in the child.
  pid = os.fork()

[2026-05-20T01:17:50.208+0000] {standard_task_runner.py:64} INFO - Started process 5144 to run task
[2026-05-20T01:17:50.208+0000] {standard_task_runner.py:90} INFO - Running: ['***', 'tasks', 'run', 'ml_pipeline', 'preprocess', 'scheduled__2026-05-19T00:00:00+00:00', '--job-id', '6', '--raw', '--subdir', 'DAGS_FOLDER/ml_pipeline.py', '--cfg-path', '/tmp/tmphgsusebu']
[2026-05-20T01:17:50.209+0000] {standard_task_runner.py:91} INFO - Job 6: Subtask preprocess
[2026-05-20T01:17:50.253+0000] {task_command.py:426} INFO - Running <TaskInstance: ml_pipeline.preprocess scheduled__2026-05-19T00:00:00+00:00 [running]> on host eda68b95e76e
[2026-05-20T01:17:50.338+0000] {taskinstance.py:2648} INFO - Exporting env vars: AIRFLOW_CTX_DAG_OWNER='***' AIRFLOW_CTX_DAG_ID='ml_pipeline' AIRFLOW_CTX_TASK_ID='preprocess' AIRFLOW_CTX_EXECUTION_DATE='2026-05-19T00:00:00+00:00' AIRFLOW_CTX_TRY_NUMBER='1' AIRFLOW_CTX_DAG_RUN_ID='scheduled__2026-05-19T00:00:00+00:00'
[2026-05-20T01:17:50.339+0000] {taskinstance.py:430} INFO - ::endgroup::
[2026-05-20T01:17:50.340+0000] {logging_mixin.py:188} INFO - Processing 1000 rows with 20 features
[2026-05-20T01:17:50.341+0000] {python.py:237} INFO - Done. Returned value was: {'rows': 1000, 'features': 20, 'source': 's3://bucket/raw/', 'processed': True, 'split': 0.8}
[2026-05-20T01:17:50.341+0000] {taskinstance.py:441} INFO - ::group::Post task execution logs
[2026-05-20T01:17:50.369+0000] {taskinstance.py:1206} INFO - Marking task as SUCCESS. dag_id=ml_pipeline, task_id=preprocess, run_id=scheduled__2026-05-19T00:00:00+00:00, execution_date=20260519T000000, start_date=20260520T011750, end_date=20260520T011750
[2026-05-20T01:17:50.388+0000] {local_task_job_runner.py:243} INFO - Task exited with return code 0
[2026-05-20T01:17:50.417+0000] {taskinstance.py:3503} INFO - 1 downstream tasks scheduled from follow-on schedule check
[2026-05-20T01:17:50.420+0000] {local_task_job_runner.py:222} INFO - ::endgroup::
