[2026-05-20T01:17:51.384+0000] {local_task_job_runner.py:120} INFO - ::group::Pre task execution logs
[2026-05-20T01:17:51.413+0000] {taskinstance.py:2076} INFO - Dependencies all met for dep_context=non-requeueable deps ti=<TaskInstance: ml_pipeline.train_model manual__2026-05-20T01:17:47.566962+00:00 [queued]>
[2026-05-20T01:17:51.422+0000] {taskinstance.py:2076} INFO - Dependencies all met for dep_context=requeueable deps ti=<TaskInstance: ml_pipeline.train_model manual__2026-05-20T01:17:47.566962+00:00 [queued]>
[2026-05-20T01:17:51.422+0000] {taskinstance.py:2306} INFO - Starting attempt 1 of 1
[2026-05-20T01:17:51.438+0000] {taskinstance.py:2330} INFO - Executing <Task(_PythonDecoratedOperator): train_model> on 2026-05-20 01:17:47.566962+00:00
[2026-05-20T01:17:51.444+0000] {warnings.py:112} WARNING - /home/***/.local/lib/python3.12/site-packages/***/task/task_runner/standard_task_runner.py:62: DeprecationWarning: This process (pid=5146) is multi-threaded, use of fork() may lead to deadlocks in the child.
  pid = os.fork()

[2026-05-20T01:17:51.446+0000] {standard_task_runner.py:64} INFO - Started process 5149 to run task
[2026-05-20T01:17:51.445+0000] {standard_task_runner.py:90} INFO - Running: ['***', 'tasks', 'run', 'ml_pipeline', 'train_model', 'manual__2026-05-20T01:17:47.566962+00:00', '--job-id', '8', '--raw', '--subdir', 'DAGS_FOLDER/ml_pipeline.py', '--cfg-path', '/tmp/tmphec0rz4t']
[2026-05-20T01:17:51.447+0000] {standard_task_runner.py:91} INFO - Job 8: Subtask train_model
[2026-05-20T01:17:51.487+0000] {task_command.py:426} INFO - Running <TaskInstance: ml_pipeline.train_model manual__2026-05-20T01:17:47.566962+00:00 [running]> on host eda68b95e76e
[2026-05-20T01:17:51.570+0000] {taskinstance.py:2648} INFO - Exporting env vars: AIRFLOW_CTX_DAG_OWNER='***' AIRFLOW_CTX_DAG_ID='ml_pipeline' AIRFLOW_CTX_TASK_ID='train_model' AIRFLOW_CTX_EXECUTION_DATE='2026-05-20T01:17:47.566962+00:00' AIRFLOW_CTX_TRY_NUMBER='1' AIRFLOW_CTX_DAG_RUN_ID='manual__2026-05-20T01:17:47.566962+00:00'
[2026-05-20T01:17:51.571+0000] {taskinstance.py:430} INFO - ::endgroup::
[2026-05-20T01:17:51.572+0000] {logging_mixin.py:188} INFO - Training on 800 training rows
[2026-05-20T01:17:51.572+0000] {python.py:237} INFO - Done. Returned value was: models/model_v1.pkl
[2026-05-20T01:17:51.573+0000] {taskinstance.py:441} INFO - ::group::Post task execution logs
[2026-05-20T01:17:51.594+0000] {taskinstance.py:1206} INFO - Marking task as SUCCESS. dag_id=ml_pipeline, task_id=train_model, run_id=manual__2026-05-20T01:17:47.566962+00:00, execution_date=20260520T011747, start_date=20260520T011751, end_date=20260520T011751
[2026-05-20T01:17:51.628+0000] {local_task_job_runner.py:243} INFO - Task exited with return code 0
[2026-05-20T01:17:51.649+0000] {taskinstance.py:3503} INFO - 1 downstream tasks scheduled from follow-on schedule check
[2026-05-20T01:17:51.652+0000] {local_task_job_runner.py:222} INFO - ::endgroup::
